<?xml version="1.0" encoding="UTF-8" ?>
<testsuite errors="0" failures="0" hostname="morgan-laptop" name="example.ExampleTest" tests="1" time="0.049" timestamp="2012-08-12T02:12:32">
  <properties>
    <property name="ant.project.invoked-targets" value="all" />
    <property name="java.runtime.name" value="OpenJDK Runtime Environment" />
    <property name="sun.boot.library.path" value="/usr/lib/jvm/java-6-openjdk-amd64/jre/lib/amd64" />
    <property name="java.vm.version" value="20.0-b12" />
    <property name="ant.library.dir" value="/opt/morganstudio/lib-java/apache-ant-1.8.4/lib" />
    <property name="ant.file.simple" value="/home/morgan/workspace/study/agile.java/code/02.text/build.xml" />
    <property name="ant.version" value="Apache Ant(TM) version 1.8.4 compiled on May 22 2012" />
    <property name="ant.java.version" value="1.6" />
    <property name="java.vm.vendor" value="Sun Microsystems Inc." />
    <property name="java.vendor.url" value="http://java.sun.com/" />
    <property name="path.separator" value=":" />
    <property name="java.vm.name" value="OpenJDK 64-Bit Server VM" />
    <property name="file.encoding.pkg" value="sun.io" />
    <property name="user.country" value="US" />
    <property name="sun.java.launcher" value="SUN_STANDARD" />
    <property name="sun.os.patch.level" value="unknown" />
    <property name="java.vm.specification.name" value="Java Virtual Machine Specification" />
    <property name="user.dir" value="/home/morgan/workspace/study/agile.java/code/02.text" />
    <property name="java.runtime.version" value="1.6.0_24-b24" />
    <property name="java.awt.graphicsenv" value="sun.awt.X11GraphicsEnvironment" />
    <property name="basedir" value="/home/morgan/workspace/study/agile.java/code/02.text" />
    <property name="java.endorsed.dirs" value="/usr/lib/jvm/java-6-openjdk-amd64/jre/lib/endorsed" />
    <property name="os.arch" value="amd64" />
    <property name="ant.project.default-target" value="all" />
    <property name="java.io.tmpdir" value="/tmp" />
    <property name="ant.core.lib" value="/opt/morganstudio/lib-java/apache-ant-1.8.4/lib/ant.jar" />
    <property name="line.separator" value="&#xa;" />
    <property name="java.vm.specification.vendor" value="Sun Microsystems Inc." />
    <property name="os.name" value="Linux" />
    <property name="ant.home" value="/opt/morganstudio/lib-java/apache-ant-1.8.4" />
    <property name="build.classes" value="build/classes" />
    <property name="build.dir" value="build" />
    <property name="ant.project.name" value="simple" />
    <property name="sun.jnu.encoding" value="UTF-8" />
    <property name="java.library.path" value="/usr/lib/jvm/java-6-openjdk-amd64/jre/lib/amd64/server:/usr/lib/jvm/java-6-openjdk-amd64/jre/lib/amd64:/usr/lib/jvm/java-6-openjdk-amd64/jre/../lib/amd64:/usr/java/packages/lib/amd64:/usr/lib/x86_64-linux-gnu/jni:/lib/x86_64-linux-gnu:/usr/lib/x86_64-linux-gnu:/usr/lib/jni:/lib:/usr/lib" />
    <property name="build.pkg" value="build/pkg" />
    <property name="java.class.version" value="50.0" />
    <property name="java.specification.name" value="Java Platform API Specification" />
    <property name="lib.dir" value="lib" />
    <property name="sun.management.compiler" value="HotSpot 64-Bit Tiered Compilers" />
    <property name="os.version" value="3.2.0-29-generic" />
    <property name="ant.file" value="/home/morgan/workspace/study/agile.java/code/02.text/build.xml" />
    <property name="junit.output.dir" value="build/junitreport" />
    <property name="user.home" value="/home/morgan" />
    <property name="user.timezone" value="" />
    <property name="java.awt.printerjob" value="sun.print.PSPrinterJob" />
    <property name="java.specification.version" value="1.6" />
    <property name="file.encoding" value="UTF-8" />
    <property name="build.lib" value="build/lib" />
    <property name="java.class.path" value="/home/morgan/workspace/study/agile.java/code/02.text/lib/junit-4.8.2.jar:/home/morgan/workspace/study/agile.java/code/02.text/build/classes:/home/morgan/workspace/study/agile.java/code/02.text:/usr/lib/jvm/java-6-openjdk-amd64/jre/lib:/opt/morganstudio/lib-java/apache-ant-1.8.4/lib/ant-launcher.jar:/opt/morganstudio/lib-java/apache-ant-1.8.4/lib/ant.jar:/opt/morganstudio/lib-java/apache-ant-1.8.4/lib/ant-junit.jar:/opt/morganstudio/lib-java/apache-ant-1.8.4/lib/ant-junit4.jar" />
    <property name="user.name" value="morgan" />
    <property name="java.vm.specification.version" value="1.0" />
    <property name="sun.java.command" value="org.apache.tools.ant.taskdefs.optional.junit.JUnitTestRunner example.ExampleTest filtertrace=true haltOnError=true haltOnFailure=true formatter=org.apache.tools.ant.taskdefs.optional.junit.OutErrSummaryJUnitResultFormatter showoutput=false outputtoformatters=true logfailedtests=true logtestlistenerevents=false formatter=org.apache.tools.ant.taskdefs.optional.junit.XMLJUnitResultFormatter,/home/morgan/workspace/study/agile.java/code/02.text/build/junitreport/TEST-example.ExampleTest.xml crashfile=/home/morgan/workspace/study/agile.java/code/02.text/junitvmwatcher5895332972211150191.properties propsfile=/home/morgan/workspace/study/agile.java/code/02.text/junit2555421099723034300.properties" />
    <property name="sun.arch.data.model" value="64" />
    <property name="java.home" value="/usr/lib/jvm/java-6-openjdk-amd64/jre" />
    <property name="java.specification.vendor" value="Sun Microsystems Inc." />
    <property name="user.language" value="en" />
    <property name="java.vm.info" value="mixed mode" />
    <property name="java.version" value="1.6.0_24" />
    <property name="java.ext.dirs" value="/usr/lib/jvm/java-6-openjdk-amd64/jre/lib/ext:/usr/java/packages/lib/ext" />
    <property name="sun.boot.class.path" value="/usr/lib/jvm/java-6-openjdk-amd64/jre/lib/resources.jar:/usr/lib/jvm/java-6-openjdk-amd64/jre/lib/rt.jar:/usr/lib/jvm/java-6-openjdk-amd64/jre/lib/sunrsasign.jar:/usr/lib/jvm/java-6-openjdk-amd64/jre/lib/jsse.jar:/usr/lib/jvm/java-6-openjdk-amd64/jre/lib/jce.jar:/usr/lib/jvm/java-6-openjdk-amd64/jre/lib/charsets.jar:/usr/lib/jvm/java-6-openjdk-amd64/jre/lib/netx.jar:/usr/lib/jvm/java-6-openjdk-amd64/jre/lib/plugin.jar:/usr/lib/jvm/java-6-openjdk-amd64/jre/lib/rhino.jar:/usr/lib/jvm/java-6-openjdk-amd64/jre/lib/modules/jdk.boot.jar:/usr/lib/jvm/java-6-openjdk-amd64/jre/classes" />
    <property name="java.vendor" value="Sun Microsystems Inc." />
    <property name="file.separator" value="/" />
    <property name="src.dir" value="src" />
    <property name="java.vendor.url.bug" value="http://java.sun.com/cgi-bin/bugreport.cgi" />
    <property name="sun.cpu.endian" value="little" />
    <property name="sun.io.unicode.encoding" value="UnicodeLittle" />
    <property name="projectName" value="Simple Project" />
    <property name="ant.file.type.simple" value="file" />
    <property name="ant.file.type" value="file" />
    <property name="sun.cpu.isalist" value="" />
  </properties>
  <testcase classname="example.ExampleTest" name="testSystemEndOfLine" time="0.002" />
  <system-out><![CDATA[class setUp... 
func setUp... 
>>>
<<<
func tearDown... 
class tearDown... 
]]></system-out>
  <system-err><![CDATA[]]></system-err>
</testsuite>
